#
# A fatal error has been detected by the Java Runtime Environment:
#
#  EXCEPTION_ACCESS_VIOLATION (0xc0000005) at pc=0x0000000180005b6b, pid=11012, tid=6168
#
# JRE version: Java(TM) SE Runtime Environment (8.0_60-b27) (build 1.8.0_60-b27)
# Java VM: Java HotSpot(TM) 64-Bit Server VM (25.60-b23 mixed mode windows-amd64 compressed oops)
# Problematic frame:
# C  [rxtxSerial.dll+0x5b6b]
#
# Failed to write core dump. Minidumps are not enabled by default on client versions of Windows
#
# If you would like to submit a bug report, please visit:
#   http://bugreport.java.com/bugreport/crash.jsp
# The crash happened outside the Java Virtual Machine in native code.
# See problematic frame for where to report the bug.
#

---------------  T H R E A D  ---------------

Current thread (0x000000001a3c4800):  JavaThread "Thread-4" [_thread_in_native, id=6168, stack(0x000000001cf40000,0x000000001d040000)]

siginfo: ExceptionCode=0xc0000005, writing address 0x000000001cf1f2e8

Registers:
RAX=0x0000000000000000, RBX=0x0000000000000000, RCX=0x0000000003414f25, RDX=0x0000000000000000
RSP=0x000000001d03f260, RBP=0x000000000000000a, RSI=0x0000000000000006, RDI=0x0000000000000001
R8 =0x000000001d03f1b8, R9 =0x000000000000000a, R10=0x0000000000000000, R11=0x0000000000000246
R12=0x000000001cf1f2e0, R13=0x0000000000000001, R14=0x0000000000000000, R15=0x0000000032dc7492
RIP=0x0000000180005b6b, EFLAGS=0x0000000000010216

Top of Stack: (sp=0x000000001d03f260)
0x000000001d03f260:   0000000000000000 0000000000000000
0x000000001d03f270:   0000000000000000 0000000000000000
0x000000001d03f280:   000000001a3c4800 000000001d03f3f8
0x000000001d03f290:   000000001b1a6f20 000000001d03f3f8
0x000000001d03f2a0:   000000000000000a 0000000000000001
0x000000001d03f2b0:   000000001a2e9d38 0000000180005f3f
0x000000001d03f2c0:   000000001a3c49f8 000000001a2e9d38
0x000000001d03f2d0:   0000000000000001 000000001d03f2f0
0x000000001d03f2e0:   0000000000000001 000000000000000a
0x000000001d03f2f0:   0000000000000000 000000001d03f3f8
0x000000001d03f300:   0000000000000002 0000000000000000
0x000000001d03f310:   0000000000000001 00000000196aafe0
0x000000001d03f320:   000000001bcfecf0 00000000542cfab6
0x000000001d03f330:   000000001a3c4800 00000000542552dd
0x000000001d03f340:   0000c305968407dd 0000000019f574c8
0x000000001d03f350:   0000000000000000 00000000028c7d8d 

Instructions: (pc=0x0000000180005b6b)
0x0000000180005b4b:   31 00 00 85 c0 78 33 74 06 03 d8 2b f8 eb 0a b9
0x0000000180005b5b:   e8 03 00 00 e8 1c 1c 00 00 41 3b dd 7c b7 8b c3
0x0000000180005b6b:   45 89 74 24 08 48 8b 5c 24 60 48 83 c4 20 41 5f
0x0000000180005b7b:   41 5e 41 5d 41 5c 5f 5e 5d c3 e8 1e 61 00 00 83 


Register to memory mapping:

RAX=0x0000000000000000 is an unknown value
RBX=0x0000000000000000 is an unknown value
RCX=0x0000000003414f25 is an unknown value
RDX=0x0000000000000000 is an unknown value
RSP=0x000000001d03f260 is pointing into the stack for thread: 0x000000001a3c4800
RBP=0x000000000000000a is an unknown value
RSI=0x0000000000000006 is an unknown value
RDI=0x0000000000000001 is an unknown value
R8 =0x000000001d03f1b8 is pointing into the stack for thread: 0x000000001a3c4800
R9 =0x000000000000000a is an unknown value
R10=0x0000000000000000 is an unknown value
R11=0x0000000000000246 is an unknown value
R12=0x000000001cf1f2e0 is an unknown value
R13=0x0000000000000001 is an unknown value
R14=0x0000000000000000 is an unknown value
R15=0x0000000032dc7492 is an unknown value


Stack: [0x000000001cf40000,0x000000001d040000],  sp=0x000000001d03f260,  free space=1020k
Native frames: (J=compiled Java code, j=interpreted, Vv=VM code, C=native code)
C  [rxtxSerial.dll+0x5b6b]
C  [rxtxSerial.dll+0x5f3f]
C  0x00000000028ddfcc

Java frames: (J=compiled Java code, j=interpreted, Vv=VM code)
j  gnu.io.RXTXPort.readByte()I+0
j  gnu.io.RXTXPort$SerialInputStream.read()I+81
j  com.digi.xbee.api.connection.DataReader.run()V+148
v  ~StubRoutines::call_stub

---------------  P R O C E S S  ---------------

Java Threads: ( => current thread )
=>0x000000001a3c4800 JavaThread "Thread-4" [_thread_in_native, id=6168, stack(0x000000001cf40000,0x000000001d040000)]
  0x00000000027c2800 JavaThread "DestroyJavaVM" [_thread_blocked, id=6836, stack(0x0000000002680000,0x0000000002780000)]
  0x0000000019ff3000 JavaThread "TimerQueue" daemon [_thread_blocked, id=4844, stack(0x000000001b480000,0x000000001b580000)]
  0x0000000019ff2000 JavaThread "AWT-EventQueue-0" [_thread_blocked, id=2832, stack(0x000000001b380000,0x000000001b480000)]
  0x0000000019c37000 JavaThread "AWT-Windows" daemon [_thread_in_native, id=3252, stack(0x000000001a5d0000,0x000000001a6d0000)]
  0x0000000019c36000 JavaThread "AWT-Shutdown" [_thread_blocked, id=9172, stack(0x000000001a4d0000,0x000000001a5d0000)]
  0x0000000019c31000 JavaThread "Java2D Disposer" daemon [_thread_blocked, id=8660, stack(0x000000001a3d0000,0x000000001a4d0000)]
  0x00000000194e9000 JavaThread "Service Thread" daemon [_thread_blocked, id=8852, stack(0x00000000198a0000,0x00000000199a0000)]
  0x000000001745b000 JavaThread "C1 CompilerThread2" daemon [_thread_blocked, id=5908, stack(0x00000000193a0000,0x00000000194a0000)]
  0x0000000017459800 JavaThread "C2 CompilerThread1" daemon [_thread_blocked, id=10348, stack(0x00000000192a0000,0x00000000193a0000)]
  0x0000000017455000 JavaThread "C2 CompilerThread0" daemon [_thread_blocked, id=12868, stack(0x00000000191a0000,0x00000000192a0000)]
  0x0000000017448000 JavaThread "JDWP Command Reader" daemon [_thread_in_native, id=13256, stack(0x00000000190a0000,0x00000000191a0000)]
  0x0000000017446000 JavaThread "JDWP Event Helper Thread" daemon [_thread_blocked, id=5172, stack(0x0000000018fa0000,0x00000000190a0000)]
  0x0000000017441800 JavaThread "JDWP Transport Listener: dt_socket" daemon [_thread_blocked, id=3972, stack(0x0000000018ea0000,0x0000000018fa0000)]
  0x000000001742f800 JavaThread "Attach Listener" daemon [_thread_blocked, id=10040, stack(0x00000000189a0000,0x0000000018aa0000)]
  0x000000001742e800 JavaThread "Signal Dispatcher" daemon [_thread_blocked, id=10120, stack(0x00000000188a0000,0x00000000189a0000)]
  0x00000000028b9800 JavaThread "Finalizer" daemon [_thread_blocked, id=9440, stack(0x00000000186a0000,0x00000000187a0000)]
  0x00000000028b1800 JavaThread "Reference Handler" daemon [_thread_blocked, id=8308, stack(0x00000000185a0000,0x00000000186a0000)]

Other Threads:
  0x00000000173f8000 VMThread [stack: 0x00000000184a0000,0x00000000185a0000] [id=6464]
  0x00000000194fd800 WatcherThread [stack: 0x00000000199a0000,0x0000000019aa0000] [id=8756]

VM state:not at safepoint (normal execution)

VM Mutex/Monitor currently owned by a thread: None

Heap:
 PSYoungGen      total 38400K, used 19803K [0x00000000d5c00000, 0x00000000d8680000, 0x0000000100000000)
  eden space 33280K, 44% used [0x00000000d5c00000,0x00000000d6a63da8,0x00000000d7c80000)
  from space 5120K, 98% used [0x00000000d7c80000,0x00000000d8172e68,0x00000000d8180000)
  to   space 5120K, 0% used [0x00000000d8180000,0x00000000d8180000,0x00000000d8680000)
 ParOldGen       total 87552K, used 15191K [0x0000000081400000, 0x0000000086980000, 0x00000000d5c00000)
  object space 87552K, 17% used [0x0000000081400000,0x00000000822d5ef0,0x0000000086980000)
 Metaspace       used 15345K, capacity 15636K, committed 15872K, reserved 1062912K
  class space    used 1832K, capacity 1938K, committed 2048K, reserved 1048576K

Card table byte_map: [0x0000000011c80000,0x0000000012080000] byte_map_base: 0x0000000011876000

Marking Bits: (ParMarkBitMap*) 0x00000000548da5b0
 Begin Bits: [0x0000000012730000, 0x00000000146e0000)
 End Bits:   [0x00000000146e0000, 0x0000000016690000)

Polling page: 0x0000000000ef0000

CodeCache: size=245760Kb used=5061Kb max_used=5064Kb free=240698Kb
 bounds [0x00000000028c0000, 0x0000000002dc0000, 0x00000000118c0000]
 total_blobs=2033 nmethods=1487 adapters=466
 compilation: enabled

Compilation events (10 events):
Event: 5.761 Thread 0x000000001745b000 1484       3       java.lang.StringBuilder::append (8 bytes)
Event: 5.761 Thread 0x000000001745b000 nmethod 1484 0x0000000002db1550 code [0x0000000002db16c0, 0x0000000002db1868]
Event: 5.761 Thread 0x000000001745b000 1485       3       java.lang.AbstractStringBuilder::append (54 bytes)
Event: 5.762 Thread 0x000000001745b000 nmethod 1485 0x0000000002db08d0 code [0x0000000002db0aa0, 0x0000000002db13c8]
Event: 5.762 Thread 0x000000001745b000 1486       3       java.lang.StringBuilder::append (6 bytes)
Event: 5.762 Thread 0x000000001745b000 nmethod 1486 0x0000000002db0410 code [0x0000000002db0580, 0x0000000002db0808]
Event: 5.763 Thread 0x000000001745b000 1487       1       java.util.Formatter$FixedString::index (3 bytes)
Event: 5.764 Thread 0x000000001745b000 nmethod 1487 0x0000000002db4350 code [0x0000000002db44a0, 0x0000000002db45b0]
Event: 5.764 Thread 0x000000001745b000 1488       3       java.util.Calendar::setFieldsComputed (117 bytes)
Event: 5.764 Thread 0x000000001745b000 nmethod 1488 0x0000000002db3990 code [0x0000000002db3b40, 0x0000000002db3ff0]

GC Heap History (2 events):
Event: 3.201 GC heap before
{Heap before GC invocations=1 (full 0):
 PSYoungGen      total 38400K, used 27576K [0x00000000d5c00000, 0x00000000d8680000, 0x0000000100000000)
  eden space 33280K, 82% used [0x00000000d5c00000,0x00000000d76ee120,0x00000000d7c80000)
  from space 5120K, 0% used [0x00000000d8180000,0x00000000d8180000,0x00000000d8680000)
  to   space 5120K, 0% used [0x00000000d7c80000,0x00000000d7c80000,0x00000000d8180000)
 ParOldGen       total 87552K, used 0K [0x0000000081400000, 0x0000000086980000, 0x00000000d5c00000)
  object space 87552K, 0% used [0x0000000081400000,0x0000000081400000,0x0000000086980000)
 Metaspace       used 14013K, capacity 14292K, committed 14464K, reserved 1062912K
  class space    used 1685K, capacity 1810K, committed 1920K, reserved 1048576K
Event: 3.208 GC heap after
Heap after GC invocations=1 (full 0):
 PSYoungGen      total 38400K, used 5067K [0x00000000d5c00000, 0x00000000d8680000, 0x0000000100000000)
  eden space 33280K, 0% used [0x00000000d5c00000,0x00000000d5c00000,0x00000000d7c80000)
  from space 5120K, 98% used [0x00000000d7c80000,0x00000000d8172e68,0x00000000d8180000)
  to   space 5120K, 0% used [0x00000000d8180000,0x00000000d8180000,0x00000000d8680000)
 ParOldGen       total 87552K, used 15191K [0x0000000081400000, 0x0000000086980000, 0x00000000d5c00000)
  object space 87552K, 17% used [0x0000000081400000,0x00000000822d5ef0,0x0000000086980000)
 Metaspace       used 14013K, capacity 14292K, committed 14464K, reserved 1062912K
  class space    used 1685K, capacity 1810K, committed 1920K, reserved 1048576K
}

Deoptimization events (7 events):
Event: 3.222 Thread 0x0000000019ff2000 Uncommon trap: reason=unstable_if action=reinterpret pc=0x0000000002c73dc0 method=java.lang.ref.SoftReference.get()Ljava/lang/Object; @ 17
Event: 5.555 Thread 0x0000000019ff2000 Uncommon trap: reason=bimorphic action=maybe_recompile pc=0x0000000002b186b4 method=java.util.HashMap.getNode(ILjava/lang/Object;)Ljava/util/HashMap$Node; @ 126
Event: 5.555 Thread 0x0000000019ff2000 Uncommon trap: reason=bimorphic action=maybe_recompile pc=0x0000000002b186b4 method=java.util.HashMap.getNode(ILjava/lang/Object;)Ljava/util/HashMap$Node; @ 126
Event: 5.556 Thread 0x0000000019ff2000 Uncommon trap: reason=bimorphic action=maybe_recompile pc=0x0000000002b186b4 method=java.util.HashMap.getNode(ILjava/lang/Object;)Ljava/util/HashMap$Node; @ 126
Event: 5.556 Thread 0x0000000019ff2000 Uncommon trap: reason=bimorphic action=maybe_recompile pc=0x0000000002b186b4 method=java.util.HashMap.getNode(ILjava/lang/Object;)Ljava/util/HashMap$Node; @ 126
Event: 5.556 Thread 0x0000000019ff2000 Uncommon trap: reason=bimorphic action=maybe_recompile pc=0x0000000002acd998 method=java.util.HashMap.getNode(ILjava/lang/Object;)Ljava/util/HashMap$Node; @ 126
Event: 5.595 Thread 0x0000000019ff2000 Uncommon trap: reason=unstable_if action=reinterpret pc=0x0000000002aa4074 method=java.lang.String.indexOf([CII[CIII)I @ 3

Internal exceptions (10 events):
Event: 0.144 Thread 0x00000000027c2800 Exception <a 'java/security/PrivilegedActionException'> (0x00000000d5ea5d58) thrown at [C:\re\workspace\8-2-build-windows-amd64-cygwin\jdk8u60\4407\hotspot\src\share\vm\prims\jvm.cpp, line 1386]
Event: 0.144 Thread 0x00000000027c2800 Exception <a 'java/security/PrivilegedActionException'> (0x00000000d5ea5f68) thrown at [C:\re\workspace\8-2-build-windows-amd64-cygwin\jdk8u60\4407\hotspot\src\share\vm\prims\jvm.cpp, line 1386]
Event: 0.156 Thread 0x00000000027c2800 Exception <a 'java/io/FileNotFoundException'> (0x00000000d5ebe8f8) thrown at [C:\re\workspace\8-2-build-windows-amd64-cygwin\jdk8u60\4407\hotspot\src\share\vm\prims\jni.cpp, line 709]
Event: 0.199 Thread 0x00000000027c2800 Exception <a 'java/lang/NoSuchFieldError': method resolution failed> (0x00000000d5f8bf78) thrown at [C:\re\workspace\8-2-build-windows-amd64-cygwin\jdk8u60\4407\hotspot\src\share\vm\prims\methodHandles.cpp, line 1146]
Event: 0.202 Thread 0x00000000027c2800 Exception <a 'java/lang/NoSuchFieldError': method resolution failed> (0x00000000d5f99348) thrown at [C:\re\workspace\8-2-build-windows-amd64-cygwin\jdk8u60\4407\hotspot\src\share\vm\prims\methodHandles.cpp, line 1146]
Event: 0.239 Thread 0x00000000027c2800 Exception <a 'java/io/FileNotFoundException'> (0x00000000d602f470) thrown at [C:\re\workspace\8-2-build-windows-amd64-cygwin\jdk8u60\4407\hotspot\src\share\vm\prims\jni.cpp, line 709]
Event: 0.540 Thread 0x00000000027c2800 Exception <a 'java/io/FileNotFoundException'> (0x00000000d6972098) thrown at [C:\re\workspace\8-2-build-windows-amd64-cygwin\jdk8u60\4407\hotspot\src\share\vm\prims\jni.cpp, line 709]
Event: 0.675 Thread 0x00000000027c2800 Exception <a 'java/io/FileNotFoundException'> (0x00000000d6988740) thrown at [C:\re\workspace\8-2-build-windows-amd64-cygwin\jdk8u60\4407\hotspot\src\share\vm\prims\jni.cpp, line 709]
Event: 0.675 Thread 0x00000000027c2800 Exception <a 'java/io/FileNotFoundException'> (0x00000000d699a658) thrown at [C:\re\workspace\8-2-build-windows-amd64-cygwin\jdk8u60\4407\hotspot\src\share\vm\prims\jni.cpp, line 709]
Event: 0.811 Thread 0x00000000027c2800 Exception <a 'java/io/FileNotFoundException'> (0x00000000d69b07d0) thrown at [C:\re\workspace\8-2-build-windows-amd64-cygwin\jdk8u60\4407\hotspot\src\share\vm\prims\jni.cpp, line 709]

Events (10 events):
Event: 5.762 loading class com/digi/xbee/api/models/XBeeProtocol$1 done
Event: 5.762 Thread 0x0000000019ff2000 DEOPT PACKING pc=0x0000000002b048c1 sp=0x000000001b47b370
Event: 5.762 Thread 0x0000000019ff2000 DEOPT UNPACKING pc=0x000000000290787f sp=0x000000001b47b0c0 mode 1
Event: 5.762 Thread 0x0000000019ff2000 DEOPT PACKING pc=0x0000000002a6571c sp=0x000000001b47b3f0
Event: 5.762 Thread 0x0000000019ff2000 DEOPT UNPACKING pc=0x000000000290787f sp=0x000000001b47b210 mode 1
Event: 5.762 Thread 0x0000000019ff2000 DEOPT PACKING pc=0x0000000002a654b4 sp=0x000000001b47b580
Event: 5.762 Thread 0x0000000019ff2000 DEOPT UNPACKING pc=0x000000000290787f sp=0x000000001b47b3a0 mode 1
Event: 5.764 loading class java/util/Vector$1
Event: 5.764 loading class java/util/Vector$1 done
Event: 5.770 Thread 0x000000001bea1800 Thread exited: 0x000000001bea1800


Dynamic libraries:
0x00007ff617640000 - 0x00007ff617677000 	C:\Program Files\Java\jre1.8.0_60\bin\javaw.exe
0x00007ffcf2fb0000 - 0x00007ffcf3181000 	C:\WINDOWS\SYSTEM32\ntdll.dll
0x00007ffcf0550000 - 0x00007ffcf05fb000 	C:\WINDOWS\System32\KERNEL32.DLL
0x00007ffcefb90000 - 0x00007ffcefdad000 	C:\WINDOWS\System32\KERNELBASE.dll
0x00007ffcf0bc0000 - 0x00007ffcf0c62000 	C:\WINDOWS\System32\ADVAPI32.dll
0x00007ffcf0900000 - 0x00007ffcf099e000 	C:\WINDOWS\System32\msvcrt.dll
0x00007ffcf09c0000 - 0x00007ffcf0a19000 	C:\WINDOWS\System32\sechost.dll
0x00007ffcf1460000 - 0x00007ffcf1581000 	C:\WINDOWS\System32\RPCRT4.dll
0x00007ffcf2e40000 - 0x00007ffcf2fa5000 	C:\WINDOWS\System32\USER32.dll
0x00007ffcefb70000 - 0x00007ffcefb8e000 	C:\WINDOWS\System32\win32u.dll
0x00007ffcf0c80000 - 0x00007ffcf0cb4000 	C:\WINDOWS\System32\GDI32.dll
0x00007ffcef770000 - 0x00007ffcef8f2000 	C:\WINDOWS\System32\gdi32full.dll
0x00007ffce5880000 - 0x00007ffce5afa000 	C:\WINDOWS\WinSxS\amd64_microsoft.windows.common-controls_6595b64144ccf1df_6.0.14393.953_none_42151e83c686086b\COMCTL32.dll
0x00007ffcf0600000 - 0x00007ffcf08c8000 	C:\WINDOWS\System32\combase.dll
0x00007ffcef500000 - 0x00007ffcef5f5000 	C:\WINDOWS\System32\ucrtbase.dll
0x00007ffcef700000 - 0x00007ffcef76a000 	C:\WINDOWS\System32\bcryptPrimitives.dll
0x00007ffcf08d0000 - 0x00007ffcf08fe000 	C:\WINDOWS\System32\IMM32.DLL
0x00000000551f0000 - 0x00000000552c2000 	C:\Program Files\Java\jre1.8.0_60\bin\msvcr100.dll
0x00000000540d0000 - 0x0000000054959000 	C:\Program Files\Java\jre1.8.0_60\bin\server\jvm.dll
0x00007ffcf17c0000 - 0x00007ffcf17c8000 	C:\WINDOWS\System32\PSAPI.DLL
0x00007ffce06a0000 - 0x00007ffce06aa000 	C:\WINDOWS\SYSTEM32\VERSION.dll
0x00007ffced390000 - 0x00007ffced3b3000 	C:\WINDOWS\SYSTEM32\WINMM.dll
0x00007ffce0790000 - 0x00007ffce0799000 	C:\WINDOWS\SYSTEM32\WSOCK32.dll
0x00007ffcf0e00000 - 0x00007ffcf0e6a000 	C:\WINDOWS\System32\WS2_32.dll
0x0000000000f00000 - 0x0000000000f2b000 	C:\WINDOWS\SYSTEM32\WINMMBASE.dll
0x00007ffcef6b0000 - 0x00007ffcef6f2000 	C:\WINDOWS\System32\cfgmgr32.dll
0x00000000540c0000 - 0x00000000540cf000 	C:\Program Files\Java\jre1.8.0_60\bin\verify.dll
0x0000000054090000 - 0x00000000540b9000 	C:\Program Files\Java\jre1.8.0_60\bin\java.dll
0x00000000551b0000 - 0x00000000551e5000 	C:\Program Files\Java\jre1.8.0_60\bin\jdwp.dll
0x00000000551a0000 - 0x00000000551a8000 	C:\Program Files\Java\jre1.8.0_60\bin\npt.dll
0x0000000054070000 - 0x0000000054086000 	C:\Program Files\Java\jre1.8.0_60\bin\zip.dll
0x00007ffcf1890000 - 0x00007ffcf2d98000 	C:\WINDOWS\System32\SHELL32.dll
0x00007ffcefdb0000 - 0x00007ffcf048a000 	C:\WINDOWS\System32\windows.storage.dll
0x00007ffcef440000 - 0x00007ffcef48c000 	C:\WINDOWS\System32\powrprof.dll
0x00007ffcf1300000 - 0x00007ffcf1352000 	C:\WINDOWS\System32\shlwapi.dll
0x00007ffcef490000 - 0x00007ffcef49f000 	C:\WINDOWS\System32\kernel.appcore.dll
0x00007ffcef600000 - 0x00007ffcef6a9000 	C:\WINDOWS\System32\shcore.dll
0x00007ffcef420000 - 0x00007ffcef434000 	C:\WINDOWS\System32\profapi.dll
0x0000000055190000 - 0x0000000055199000 	C:\Program Files\Java\jre1.8.0_60\bin\dt_socket.dll
0x00007ffcdfa80000 - 0x00007ffcdfa96000 	C:\WINDOWS\system32\napinsp.dll
0x00007ffcdf950000 - 0x00007ffcdf96a000 	C:\WINDOWS\system32\pnrpnsp.dll
0x00007ffced4c0000 - 0x00007ffced4d8000 	C:\WINDOWS\system32\NLAapi.dll
0x00007ffceece0000 - 0x00007ffceed3c000 	C:\WINDOWS\System32\mswsock.dll
0x00007ffceeab0000 - 0x00007ffceeb51000 	C:\WINDOWS\SYSTEM32\DNSAPI.dll
0x00007ffcf0540000 - 0x00007ffcf0548000 	C:\WINDOWS\System32\NSI.dll
0x00007ffceea60000 - 0x00007ffceea98000 	C:\WINDOWS\SYSTEM32\IPHLPAPI.DLL
0x00007ffcdebe0000 - 0x00007ffcdebee000 	C:\WINDOWS\System32\winrnr.dll
0x0000000055e10000 - 0x0000000055e36000 	C:\Program Files\Bonjour\mdnsNSP.dll
0x00007ffcdebc0000 - 0x00007ffcdebd5000 	C:\WINDOWS\System32\wshbth.dll
0x00007ffce7e80000 - 0x00007ffce7eea000 	C:\WINDOWS\System32\fwpuclnt.dll
0x00007ffcef2b0000 - 0x00007ffcef2db000 	C:\WINDOWS\SYSTEM32\bcrypt.dll
0x00007ffcdeaa0000 - 0x00007ffcdeaaa000 	C:\Windows\System32\rasadhlp.dll
0x0000000054ff0000 - 0x0000000055188000 	C:\Program Files\Java\jre1.8.0_60\bin\awt.dll
0x00007ffcf17d0000 - 0x00007ffcf188f000 	C:\WINDOWS\System32\OLEAUT32.dll
0x00007ffcef900000 - 0x00007ffcef99c000 	C:\WINDOWS\System32\msvcp_win.dll
0x00007ffced9b0000 - 0x00007ffceda2a000 	C:\WINDOWS\SYSTEM32\apphelp.dll
0x00007ffcecaa0000 - 0x00007ffcecac6000 	C:\WINDOWS\system32\DWMAPI.DLL
0x00007ffcedb90000 - 0x00007ffcedc25000 	C:\WINDOWS\system32\uxtheme.dll
0x00007ffcf1590000 - 0x00007ffcf16ea000 	C:\WINDOWS\System32\MSCTF.dll
0x00007ffcf0cc0000 - 0x00007ffcf0df7000 	C:\WINDOWS\System32\ole32.dll
0x0000000054fa0000 - 0x0000000054fe7000 	C:\Program Files\Java\jre1.8.0_60\bin\fontmanager.dll
0x0000000054050000 - 0x000000005406a000 	C:\Program Files\Java\jre1.8.0_60\bin\net.dll
0x0000000054030000 - 0x0000000054041000 	C:\Program Files\Java\jre1.8.0_60\bin\nio.dll
0x0000000054f50000 - 0x0000000054f92000 	C:\Program Files\Java\jre1.8.0_60\bin\t2k.dll
0x0000000180000000 - 0x0000000180025000 	C:\Program Files\Java\jre1.8.0_60\bin\rxtxSerial.dll
0x00007ffcf2da0000 - 0x00007ffcf2e3f000 	C:\WINDOWS\System32\clbcatq.dll
0x00007ffcea910000 - 0x00007ffceaab8000 	C:\WINDOWS\SYSTEM32\WindowsCodecs.dll
0x00007ffce0df0000 - 0x00007ffce0e39000 	C:\WINDOWS\system32\dataexchange.dll
0x00007ffceb1b0000 - 0x00007ffceb301000 	C:\WINDOWS\system32\dcomp.dll
0x00007ffcec070000 - 0x00007ffcec326000 	C:\WINDOWS\system32\d3d11.dll
0x00007ffcee390000 - 0x00007ffcee42f000 	C:\WINDOWS\system32\dxgi.dll
0x00007ffcede30000 - 0x00007ffcedf4c000 	C:\WINDOWS\system32\twinapi.appcore.dll
0x0000000054f20000 - 0x0000000054f4a000 	C:\Program Files\Java\jre1.8.0_60\bin\dcpr.dll
0x00007ffcdb4c0000 - 0x00007ffcdb652000 	C:\WINDOWS\SYSTEM32\dbghelp.dll

VM Arguments:
jvm_args: -agentlib:jdwp=transport=dt_socket,suspend=y,address=localhost:49871 -Dfile.encoding=UTF-8 
java_command: com.raven.kings.cansat2017.ground.station.Main
java_class_path (initial): C:\Users\JakeBooth\Desktop\Cansat Groundstation\cansat2017-ground-station\target\classes;C:\Users\JakeBooth\.m2\repository\org\jfree\jfreechart\1.0.19\jfreechart-1.0.19.jar;C:\Users\JakeBooth\.m2\repository\org\jfree\jcommon\1.0.23\jcommon-1.0.23.jar;C:\Users\JakeBooth\.m2\repository\com\google\protobuf\protobuf-java\3.2.0\protobuf-java-3.2.0.jar;C:\Users\JakeBooth\.m2\repository\com\digi\xbee\xbee-java-library\1.2.0\xbee-java-library-1.2.0.jar;C:\Users\JakeBooth\.m2\repository\org\rxtx\rxtx\2.2\rxtx-2.2.jar;C:\Users\JakeBooth\.m2\repository\org\rxtx\rxtx-native\2.2\rxtx-native-2.2-win32_x86.jar;C:\Users\JakeBooth\.m2\repository\org\slf4j\slf4j-api\1.7.12\slf4j-api-1.7.12.jar;C:\Users\JakeBooth\.m2\repository\org\slf4j\slf4j-jdk14\1.7.12\slf4j-jdk14-1.7.12.jar;C:\Users\JakeBooth\.m2\repository\com\digi\android-sdk\5.1.1\android-sdk-5.1.1.jar;C:\Users\JakeBooth\.m2\repository\com\digi\android-sdk-addon\3\android-sdk-addon-3.jar;C:\Users\JakeBooth\.m2\repository\org\apache\commons\commons-csv\1.4\commons-csv-1.4.jar;C:\Users\JakeBooth\.m2\repository\org\rxtx\rxtxcomm\2.0-7pre1\rxtxcomm-2.0-7pre1.jar
Launcher Type: SUN_STANDARD

Environment Variables:
PATH=C:/Program Files/Java/jre1.8.0_60/bin/server;C:/Program Files/Java/jre1.8.0_60/bin;C:/Program Files/Java/jre1.8.0_60/lib/amd64;C:\ProgramData\Oracle\Java\javapath;C:\Program Files (x86)\Lenovo\FusionEngine;C:\Program Files (x86)\Intel\iCLS Client\;C:\Program Files\Intel\iCLS Client\;C:\WINDOWS\system32;C:\WINDOWS;C:\WINDOWS\System32\Wbem;C:\WINDOWS\System32\WindowsPowerShell\v1.0\;C:\Program Files\Intel\Intel(R) Management Engine Components\DAL;C:\Program Files (x86)\Intel\Intel(R) Management Engine Components\DAL;C:\Program Files\Intel\Intel(R) Management Engine Components\IPT;C:\Program Files (x86)\Intel\Intel(R) Management Engine Components\IPT;C:\Program Files (x86)\ATI Technologies\ATI.ACE\Core-Static;C:\Program Files\Intel\WiFi\bin\;C:\Program Files\Common Files\Intel\WirelessCommon\;C:\Program Files (x86)\Lenovo\Motion Control\;C:\Program Files (x86)\Common Files\lenovo\easyplussdk\bin;C:\Program Files (x86)\QuickTime\QTSystem\;C:\Program Files (x86)\Skype\Phone\;C:\WINDOWS\system32\config\systemprofile\.dnx\bin;C:\Program Files\Microsoft DNX\Dnvm\;C:\Program Files\Microsoft SQL Server\130\Tools\Binn\;C:\Program Files\MATLAB\R2017a\runtime\win64;C:\Program Files\MATLAB\R2017a\bin;C:\Users\JakeBooth\AppData\Local\Programs\Python\Python35-32\Scripts\;C:\Users\JakeBooth\AppData\Local\Programs\Python\Python35-32\;%USERPROFILE%\AppData\Local\Microsoft\WindowsApps;;C:\Users\JakeBooth\Desktop\Eclipse\eclipse;
USERNAME=JakeBooth
OS=Windows_NT
PROCESSOR_IDENTIFIER=Intel64 Family 6 Model 61 Stepping 4, GenuineIntel



---------------  S Y S T E M  ---------------

OS: Windows 10.0 , 64 bit Build 14393 (10.0.14393.0)

CPU:total 4 (2 cores per cpu, 2 threads per core) family 6 model 61 stepping 4, cmov, cx8, fxsr, mmx, sse, sse2, sse3, ssse3, sse4.1, sse4.2, popcnt, avx, avx2, aes, clmul, erms, 3dnowpref, lzcnt, ht, tsc, tscinvbit, bmi1, bmi2, adx

Memory: 4k page, physical 8300384k(3430760k free), swap 10555768k(4175228k free)

vm_info: Java HotSpot(TM) 64-Bit Server VM (25.60-b23) for windows-amd64 JRE (1.8.0_60-b27), built on Aug  4 2015 11:06:27 by "java_re" with MS VC++ 10.0 (VS2010)

time: Mon May 01 19:46:27 2017
elapsed time: 5 seconds (0d 0h 0m 5s)

