#
# A fatal error has been detected by the Java Runtime Environment:
#
#  EXCEPTION_ACCESS_VIOLATION (0xc0000005) at pc=0x0000000180005b6b, pid=11032, tid=8704
#
# JRE version: Java(TM) SE Runtime Environment (8.0_60-b27) (build 1.8.0_60-b27)
# Java VM: Java HotSpot(TM) 64-Bit Server VM (25.60-b23 mixed mode windows-amd64 compressed oops)
# Problematic frame:
# C  [rxtxSerial.dll+0x5b6b]
#
# Failed to write core dump. Minidumps are not enabled by default on client versions of Windows
#
# If you would like to submit a bug report, please visit:
#   http://bugreport.java.com/bugreport/crash.jsp
# The crash happened outside the Java Virtual Machine in native code.
# See problematic frame for where to report the bug.
#

---------------  T H R E A D  ---------------

Current thread (0x0000000019c21800):  JavaThread "Thread-4" [_thread_in_native, id=8704, stack(0x000000001ba90000,0x000000001bb90000)]

siginfo: ExceptionCode=0xc0000005, writing address 0x000000001ba6ea58

Registers:
RAX=0x0000000000000000, RBX=0x0000000000000000, RCX=0x00000000034003ad, RDX=0x0000000000000000
RSP=0x000000001bb8ec30, RBP=0x000000000000000a, RSI=0x0000000000000006, RDI=0x0000000000000001
R8 =0x000000001bb8eb88, R9 =0x000000000000000a, R10=0x0000000000000000, R11=0x0000000000000246
R12=0x000000001ba6ea50, R13=0x0000000000000001, R14=0x0000000000000000, R15=0x0000000032c8395f
RIP=0x0000000180005b6b, EFLAGS=0x0000000000010216

Top of Stack: (sp=0x000000001bb8ec30)
0x000000001bb8ec30:   0000000000000000 0000000000000000
0x000000001bb8ec40:   0000000000000000 0000000000000000
0x000000001bb8ec50:   0000000019c21800 000000001bb8edc8
0x000000001bb8ec60:   0000000016fc1b20 000000001bb8edc8
0x000000001bb8ec70:   000000000000000a 0000000000000001
0x000000001bb8ec80:   0000000019a886a8 0000000180005f3f
0x000000001bb8ec90:   0000000019c219f8 0000000019a886a8
0x000000001bb8eca0:   0000000000000001 000000001bb8ecc0
0x000000001bb8ecb0:   0000000000000001 000000000000000a
0x000000001bb8ecc0:   0000000000000000 000000001bb8edc8
0x000000001bb8ecd0:   0000000000000002 0000000000000000
0x000000001bb8ece0:   0000000000000001 0000000019c2a170
0x000000001bb8ecf0:   000000001b833a98 00000000542cfab6
0x000000001bb8ed00:   0000000019c21800 00000000542552dd
0x000000001bb8ed10:   0000c31dc43372cf 0000000019a33368
0x000000001bb8ed20:   0000000000000000 00000000025d7d8d 

Instructions: (pc=0x0000000180005b6b)
0x0000000180005b4b:   31 00 00 85 c0 78 33 74 06 03 d8 2b f8 eb 0a b9
0x0000000180005b5b:   e8 03 00 00 e8 1c 1c 00 00 41 3b dd 7c b7 8b c3
0x0000000180005b6b:   45 89 74 24 08 48 8b 5c 24 60 48 83 c4 20 41 5f
0x0000000180005b7b:   41 5e 41 5d 41 5c 5f 5e 5d c3 e8 1e 61 00 00 83 


Register to memory mapping:

RAX=0x0000000000000000 is an unknown value
RBX=0x0000000000000000 is an unknown value
RCX=0x00000000034003ad is an unknown value
RDX=0x0000000000000000 is an unknown value
RSP=0x000000001bb8ec30 is pointing into the stack for thread: 0x0000000019c21800
RBP=0x000000000000000a is an unknown value
RSI=0x0000000000000006 is an unknown value
RDI=0x0000000000000001 is an unknown value
R8 =0x000000001bb8eb88 is pointing into the stack for thread: 0x0000000019c21800
R9 =0x000000000000000a is an unknown value
R10=0x0000000000000000 is an unknown value
R11=0x0000000000000246 is an unknown value
R12=0x000000001ba6ea50 is an unknown value
R13=0x0000000000000001 is an unknown value
R14=0x0000000000000000 is an unknown value
R15=0x0000000032c8395f is an unknown value


Stack: [0x000000001ba90000,0x000000001bb90000],  sp=0x000000001bb8ec30,  free space=1019k
Native frames: (J=compiled Java code, j=interpreted, Vv=VM code, C=native code)
C  [rxtxSerial.dll+0x5b6b]
C  [rxtxSerial.dll+0x5f3f]
C  0x00000000025edfcc

Java frames: (J=compiled Java code, j=interpreted, Vv=VM code)
j  gnu.io.RXTXPort.readByte()I+0
j  gnu.io.RXTXPort$SerialInputStream.read()I+81
j  com.digi.xbee.api.connection.DataReader.run()V+148
v  ~StubRoutines::call_stub

---------------  P R O C E S S  ---------------

Java Threads: ( => current thread )
=>0x0000000019c21800 JavaThread "Thread-4" [_thread_in_native, id=8704, stack(0x000000001ba90000,0x000000001bb90000)]
  0x00000000024d2800 JavaThread "DestroyJavaVM" [_thread_blocked, id=8520, stack(0x00000000023d0000,0x00000000024d0000)]
  0x0000000019a2a800 JavaThread "TimerQueue" daemon [_thread_blocked, id=3540, stack(0x000000001af70000,0x000000001b070000)]
  0x0000000019a0e000 JavaThread "AWT-EventQueue-0" [_thread_blocked, id=12832, stack(0x000000001ac70000,0x000000001ad70000)]
  0x0000000019900000 JavaThread "AWT-Windows" daemon [_thread_in_native, id=3624, stack(0x000000001a380000,0x000000001a480000)]
  0x00000000198fd000 JavaThread "AWT-Shutdown" [_thread_blocked, id=9112, stack(0x000000001a280000,0x000000001a380000)]
  0x00000000193d9000 JavaThread "Java2D Disposer" daemon [_thread_blocked, id=6788, stack(0x000000001a080000,0x000000001a180000)]
  0x0000000019198800 JavaThread "Service Thread" daemon [_thread_blocked, id=3036, stack(0x0000000019550000,0x0000000019650000)]
  0x000000001719f800 JavaThread "C1 CompilerThread2" daemon [_thread_blocked, id=5228, stack(0x0000000019050000,0x0000000019150000)]
  0x000000001719e000 JavaThread "C2 CompilerThread1" daemon [_thread_blocked, id=6276, stack(0x0000000018f50000,0x0000000019050000)]
  0x000000001719c800 JavaThread "C2 CompilerThread0" daemon [_thread_blocked, id=8776, stack(0x0000000018e50000,0x0000000018f50000)]
  0x0000000017192000 JavaThread "JDWP Command Reader" daemon [_thread_in_native, id=9780, stack(0x0000000018d50000,0x0000000018e50000)]
  0x0000000017186000 JavaThread "JDWP Event Helper Thread" daemon [_thread_blocked, id=12708, stack(0x0000000018c50000,0x0000000018d50000)]
  0x0000000017177000 JavaThread "JDWP Transport Listener: dt_socket" daemon [_thread_blocked, id=5684, stack(0x00000000187e0000,0x00000000188e0000)]
  0x0000000017170000 JavaThread "Attach Listener" daemon [_thread_blocked, id=10864, stack(0x00000000186d0000,0x00000000187d0000)]
  0x000000001716e800 JavaThread "Signal Dispatcher" daemon [_thread_blocked, id=12028, stack(0x00000000185d0000,0x00000000186d0000)]
  0x00000000025c8800 JavaThread "Finalizer" daemon [_thread_blocked, id=1308, stack(0x00000000183d0000,0x00000000184d0000)]
  0x0000000017139800 JavaThread "Reference Handler" daemon [_thread_blocked, id=9152, stack(0x00000000182d0000,0x00000000183d0000)]

Other Threads:
  0x0000000017137800 VMThread [stack: 0x00000000181d0000,0x00000000182d0000] [id=6008]
  0x00000000191a7000 WatcherThread [stack: 0x0000000019650000,0x0000000019750000] [id=8956]

VM state:not at safepoint (normal execution)

VM Mutex/Monitor currently owned by a thread: None

Heap:
 PSYoungGen      total 38400K, used 30819K [0x00000000d5c00000, 0x00000000d8680000, 0x0000000100000000)
  eden space 33280K, 92% used [0x00000000d5c00000,0x00000000d7a18cc0,0x00000000d7c80000)
  from space 5120K, 0% used [0x00000000d8180000,0x00000000d8180000,0x00000000d8680000)
  to   space 5120K, 0% used [0x00000000d7c80000,0x00000000d7c80000,0x00000000d8180000)
 ParOldGen       total 87552K, used 0K [0x0000000081400000, 0x0000000086980000, 0x00000000d5c00000)
  object space 87552K, 0% used [0x0000000081400000,0x0000000081400000,0x0000000086980000)
 Metaspace       used 12874K, capacity 13108K, committed 13312K, reserved 1060864K
  class space    used 1627K, capacity 1714K, committed 1792K, reserved 1048576K

Card table byte_map: [0x0000000011990000,0x0000000011d90000] byte_map_base: 0x0000000011586000

Marking Bits: (ParMarkBitMap*) 0x00000000548da5b0
 Begin Bits: [0x0000000012440000, 0x00000000143f0000)
 End Bits:   [0x00000000143f0000, 0x00000000163a0000)

Polling page: 0x0000000000800000

CodeCache: size=245760Kb used=3994Kb max_used=4006Kb free=241765Kb
 bounds [0x00000000025d0000, 0x00000000029c0000, 0x00000000115d0000]
 total_blobs=1665 nmethods=1180 adapters=405
 compilation: enabled

Compilation events (10 events):
Event: 6.743 Thread 0x000000001719e000 1176       4       java.lang.String::indexOf (166 bytes)
Event: 6.745 Thread 0x000000001719f800 1177       3       java.util.Locale::getCountry (8 bytes)
Event: 6.745 Thread 0x000000001719f800 nmethod 1177 0x00000000029b5f50 code [0x00000000029b60a0, 0x00000000029b6290]
Event: 6.745 Thread 0x000000001719f800 1178       1       java.util.Formatter$FixedString::index (3 bytes)
Event: 6.745 Thread 0x000000001719f800 nmethod 1178 0x00000000029b6350 code [0x00000000029b64a0, 0x00000000029b65b0]
Event: 6.745 Thread 0x000000001719f800 1179       3       java.lang.ThreadLocal$ThreadLocalMap::access$000 (6 bytes)
Event: 6.745 Thread 0x000000001719f800 nmethod 1179 0x00000000029b6610 code [0x00000000029b6780, 0x00000000029b6908]
Event: 6.745 Thread 0x000000001719f800 1180       3       java.lang.ThreadLocal$ThreadLocalMap::getEntry (42 bytes)
Event: 6.746 Thread 0x000000001719f800 nmethod 1180 0x00000000029b69d0 code [0x00000000029b6b40, 0x00000000029b6e68]
Event: 6.751 Thread 0x000000001719e000 nmethod 1176 0x00000000029ba110 code [0x00000000029ba260, 0x00000000029ba778]

GC Heap History (0 events):
No events

Deoptimization events (10 events):
Event: 3.300 Thread 0x0000000019a0e000 Uncommon trap: reason=class_check action=maybe_recompile pc=0x0000000002756054 method=java.lang.String.equals(Ljava/lang/Object;)Z @ 8
Event: 3.300 Thread 0x0000000019a0e000 Uncommon trap: reason=class_check action=maybe_recompile pc=0x0000000002756054 method=java.lang.String.equals(Ljava/lang/Object;)Z @ 8
Event: 4.036 Thread 0x0000000019a0e000 Uncommon trap: reason=class_check action=maybe_recompile pc=0x0000000002756054 method=java.lang.String.equals(Ljava/lang/Object;)Z @ 8
Event: 6.525 Thread 0x0000000019a0e000 Uncommon trap: reason=bimorphic action=maybe_recompile pc=0x00000000027df7b8 method=java.util.HashMap.getNode(ILjava/lang/Object;)Ljava/util/HashMap$Node; @ 126
Event: 6.525 Thread 0x0000000019a0e000 Uncommon trap: reason=bimorphic action=maybe_recompile pc=0x00000000027df7b8 method=java.util.HashMap.getNode(ILjava/lang/Object;)Ljava/util/HashMap$Node; @ 126
Event: 6.526 Thread 0x0000000019a0e000 Uncommon trap: reason=bimorphic action=maybe_recompile pc=0x00000000027df7b8 method=java.util.HashMap.getNode(ILjava/lang/Object;)Ljava/util/HashMap$Node; @ 126
Event: 6.526 Thread 0x0000000019a0e000 Uncommon trap: reason=bimorphic action=maybe_recompile pc=0x00000000027df7b8 method=java.util.HashMap.getNode(ILjava/lang/Object;)Ljava/util/HashMap$Node; @ 126
Event: 6.526 Thread 0x0000000019a0e000 Uncommon trap: reason=bimorphic action=maybe_recompile pc=0x00000000027c3218 method=java.util.HashMap.getNode(ILjava/lang/Object;)Ljava/util/HashMap$Node; @ 126
Event: 6.562 Thread 0x0000000019a0e000 Uncommon trap: reason=unstable_if action=reinterpret pc=0x00000000027cf1a8 method=java.lang.String.<init>([CII)V @ 18
Event: 6.567 Thread 0x0000000019a0e000 Uncommon trap: reason=unstable_if action=reinterpret pc=0x00000000027da244 method=java.lang.String.indexOf([CII[CIII)I @ 3

Internal exceptions (10 events):
Event: 0.179 Thread 0x00000000024d2800 Exception <a 'java/security/PrivilegedActionException'> (0x00000000d5ea5c88) thrown at [C:\re\workspace\8-2-build-windows-amd64-cygwin\jdk8u60\4407\hotspot\src\share\vm\prims\jvm.cpp, line 1386]
Event: 0.179 Thread 0x00000000024d2800 Exception <a 'java/security/PrivilegedActionException'> (0x00000000d5ea5e98) thrown at [C:\re\workspace\8-2-build-windows-amd64-cygwin\jdk8u60\4407\hotspot\src\share\vm\prims\jvm.cpp, line 1386]
Event: 0.189 Thread 0x00000000024d2800 Exception <a 'java/io/FileNotFoundException'> (0x00000000d5ebe828) thrown at [C:\re\workspace\8-2-build-windows-amd64-cygwin\jdk8u60\4407\hotspot\src\share\vm\prims\jni.cpp, line 709]
Event: 0.222 Thread 0x00000000024d2800 Exception <a 'java/lang/NoSuchFieldError': method resolution failed> (0x00000000d5f8bea0) thrown at [C:\re\workspace\8-2-build-windows-amd64-cygwin\jdk8u60\4407\hotspot\src\share\vm\prims\methodHandles.cpp, line 1146]
Event: 0.231 Thread 0x00000000024d2800 Exception <a 'java/lang/NoSuchFieldError': method resolution failed> (0x00000000d5f99270) thrown at [C:\re\workspace\8-2-build-windows-amd64-cygwin\jdk8u60\4407\hotspot\src\share\vm\prims\methodHandles.cpp, line 1146]
Event: 0.289 Thread 0x00000000024d2800 Exception <a 'java/io/FileNotFoundException'> (0x00000000d602f440) thrown at [C:\re\workspace\8-2-build-windows-amd64-cygwin\jdk8u60\4407\hotspot\src\share\vm\prims\jni.cpp, line 709]
Event: 0.440 Thread 0x00000000024d2800 Exception <a 'java/io/FileNotFoundException'> (0x00000000d6331060) thrown at [C:\re\workspace\8-2-build-windows-amd64-cygwin\jdk8u60\4407\hotspot\src\share\vm\prims\jni.cpp, line 709]
Event: 0.575 Thread 0x00000000024d2800 Exception <a 'java/io/FileNotFoundException'> (0x00000000d63477c0) thrown at [C:\re\workspace\8-2-build-windows-amd64-cygwin\jdk8u60\4407\hotspot\src\share\vm\prims\jni.cpp, line 709]
Event: 0.577 Thread 0x00000000024d2800 Exception <a 'java/io/FileNotFoundException'> (0x00000000d63596f8) thrown at [C:\re\workspace\8-2-build-windows-amd64-cygwin\jdk8u60\4407\hotspot\src\share\vm\prims\jni.cpp, line 709]
Event: 0.713 Thread 0x00000000024d2800 Exception <a 'java/io/FileNotFoundException'> (0x00000000d636f870) thrown at [C:\re\workspace\8-2-build-windows-amd64-cygwin\jdk8u60\4407\hotspot\src\share\vm\prims\jni.cpp, line 709]

Events (10 events):
Event: 6.743 loading class com/digi/xbee/api/models/XBeeProtocol$1 done
Event: 6.743 Thread 0x0000000019a0e000 DEOPT PACKING pc=0x00000000029a4881 sp=0x000000001ad6b270
Event: 6.743 Thread 0x0000000019a0e000 DEOPT UNPACKING pc=0x000000000261787f sp=0x000000001ad6afc0 mode 1
Event: 6.743 Thread 0x0000000019a0e000 DEOPT PACKING pc=0x000000000277fc9c sp=0x000000001ad6b2f0
Event: 6.743 Thread 0x0000000019a0e000 DEOPT UNPACKING pc=0x000000000261787f sp=0x000000001ad6b110 mode 1
Event: 6.743 Thread 0x0000000019a0e000 DEOPT PACKING pc=0x000000000277fa34 sp=0x000000001ad6b480
Event: 6.743 Thread 0x0000000019a0e000 DEOPT UNPACKING pc=0x000000000261787f sp=0x000000001ad6b2a0 mode 1
Event: 6.745 loading class java/util/Vector$1
Event: 6.745 loading class java/util/Vector$1 done
Event: 6.750 Thread 0x0000000019c97000 Thread exited: 0x0000000019c97000


Dynamic libraries:
0x00007ff617640000 - 0x00007ff617677000 	C:\Program Files\Java\jre1.8.0_60\bin\javaw.exe
0x00007ffcf2fb0000 - 0x00007ffcf3181000 	C:\WINDOWS\SYSTEM32\ntdll.dll
0x00007ffcf0550000 - 0x00007ffcf05fb000 	C:\WINDOWS\System32\KERNEL32.DLL
0x00007ffcefb90000 - 0x00007ffcefdad000 	C:\WINDOWS\System32\KERNELBASE.dll
0x00007ffcf0bc0000 - 0x00007ffcf0c62000 	C:\WINDOWS\System32\ADVAPI32.dll
0x00007ffcf0900000 - 0x00007ffcf099e000 	C:\WINDOWS\System32\msvcrt.dll
0x00007ffcf09c0000 - 0x00007ffcf0a19000 	C:\WINDOWS\System32\sechost.dll
0x00007ffcf1460000 - 0x00007ffcf1581000 	C:\WINDOWS\System32\RPCRT4.dll
0x00007ffcf2e40000 - 0x00007ffcf2fa5000 	C:\WINDOWS\System32\USER32.dll
0x00007ffcefb70000 - 0x00007ffcefb8e000 	C:\WINDOWS\System32\win32u.dll
0x00007ffcf0c80000 - 0x00007ffcf0cb4000 	C:\WINDOWS\System32\GDI32.dll
0x00007ffcef770000 - 0x00007ffcef8f2000 	C:\WINDOWS\System32\gdi32full.dll
0x00007ffce5880000 - 0x00007ffce5afa000 	C:\WINDOWS\WinSxS\amd64_microsoft.windows.common-controls_6595b64144ccf1df_6.0.14393.953_none_42151e83c686086b\COMCTL32.dll
0x00007ffcf0600000 - 0x00007ffcf08c8000 	C:\WINDOWS\System32\combase.dll
0x00007ffcef500000 - 0x00007ffcef5f5000 	C:\WINDOWS\System32\ucrtbase.dll
0x00007ffcef700000 - 0x00007ffcef76a000 	C:\WINDOWS\System32\bcryptPrimitives.dll
0x00007ffcf08d0000 - 0x00007ffcf08fe000 	C:\WINDOWS\System32\IMM32.DLL
0x00000000551f0000 - 0x00000000552c2000 	C:\Program Files\Java\jre1.8.0_60\bin\msvcr100.dll
0x00000000540d0000 - 0x0000000054959000 	C:\Program Files\Java\jre1.8.0_60\bin\server\jvm.dll
0x00007ffcf17c0000 - 0x00007ffcf17c8000 	C:\WINDOWS\System32\PSAPI.DLL
0x00007ffced390000 - 0x00007ffced3b3000 	C:\WINDOWS\SYSTEM32\WINMM.dll
0x00007ffce0790000 - 0x00007ffce0799000 	C:\WINDOWS\SYSTEM32\WSOCK32.dll
0x00007ffce06a0000 - 0x00007ffce06aa000 	C:\WINDOWS\SYSTEM32\VERSION.dll
0x00007ffcf0e00000 - 0x00007ffcf0e6a000 	C:\WINDOWS\System32\WS2_32.dll
0x0000000002350000 - 0x000000000237b000 	C:\WINDOWS\SYSTEM32\WINMMBASE.dll
0x00007ffcef6b0000 - 0x00007ffcef6f2000 	C:\WINDOWS\System32\cfgmgr32.dll
0x00000000540c0000 - 0x00000000540cf000 	C:\Program Files\Java\jre1.8.0_60\bin\verify.dll
0x0000000054090000 - 0x00000000540b9000 	C:\Program Files\Java\jre1.8.0_60\bin\java.dll
0x00000000551b0000 - 0x00000000551e5000 	C:\Program Files\Java\jre1.8.0_60\bin\jdwp.dll
0x00000000551a0000 - 0x00000000551a8000 	C:\Program Files\Java\jre1.8.0_60\bin\npt.dll
0x0000000054070000 - 0x0000000054086000 	C:\Program Files\Java\jre1.8.0_60\bin\zip.dll
0x00007ffcf1890000 - 0x00007ffcf2d98000 	C:\WINDOWS\System32\SHELL32.dll
0x00007ffcefdb0000 - 0x00007ffcf048a000 	C:\WINDOWS\System32\windows.storage.dll
0x00007ffcef440000 - 0x00007ffcef48c000 	C:\WINDOWS\System32\powrprof.dll
0x00007ffcf1300000 - 0x00007ffcf1352000 	C:\WINDOWS\System32\shlwapi.dll
0x00007ffcef490000 - 0x00007ffcef49f000 	C:\WINDOWS\System32\kernel.appcore.dll
0x00007ffcef600000 - 0x00007ffcef6a9000 	C:\WINDOWS\System32\shcore.dll
0x00007ffcef420000 - 0x00007ffcef434000 	C:\WINDOWS\System32\profapi.dll
0x0000000055190000 - 0x0000000055199000 	C:\Program Files\Java\jre1.8.0_60\bin\dt_socket.dll
0x00007ffcdfa80000 - 0x00007ffcdfa96000 	C:\WINDOWS\system32\napinsp.dll
0x00007ffcdf950000 - 0x00007ffcdf96a000 	C:\WINDOWS\system32\pnrpnsp.dll
0x00007ffced4c0000 - 0x00007ffced4d8000 	C:\WINDOWS\system32\NLAapi.dll
0x00007ffceece0000 - 0x00007ffceed3c000 	C:\WINDOWS\System32\mswsock.dll
0x00007ffceeab0000 - 0x00007ffceeb51000 	C:\WINDOWS\SYSTEM32\DNSAPI.dll
0x00007ffcf0540000 - 0x00007ffcf0548000 	C:\WINDOWS\System32\NSI.dll
0x00007ffceea60000 - 0x00007ffceea98000 	C:\WINDOWS\SYSTEM32\IPHLPAPI.DLL
0x00007ffcdebe0000 - 0x00007ffcdebee000 	C:\WINDOWS\System32\winrnr.dll
0x0000000055e10000 - 0x0000000055e36000 	C:\Program Files\Bonjour\mdnsNSP.dll
0x00007ffcdebc0000 - 0x00007ffcdebd5000 	C:\WINDOWS\System32\wshbth.dll
0x00007ffce7e80000 - 0x00007ffce7eea000 	C:\WINDOWS\System32\fwpuclnt.dll
0x00007ffcef2b0000 - 0x00007ffcef2db000 	C:\WINDOWS\SYSTEM32\bcrypt.dll
0x00007ffcdeaa0000 - 0x00007ffcdeaaa000 	C:\Windows\System32\rasadhlp.dll
0x0000000054ff0000 - 0x0000000055188000 	C:\Program Files\Java\jre1.8.0_60\bin\awt.dll
0x00007ffcf17d0000 - 0x00007ffcf188f000 	C:\WINDOWS\System32\OLEAUT32.dll
0x00007ffcef900000 - 0x00007ffcef99c000 	C:\WINDOWS\System32\msvcp_win.dll
0x00007ffced9b0000 - 0x00007ffceda2a000 	C:\WINDOWS\SYSTEM32\apphelp.dll
0x00007ffcecaa0000 - 0x00007ffcecac6000 	C:\WINDOWS\system32\DWMAPI.DLL
0x00007ffcedb90000 - 0x00007ffcedc25000 	C:\WINDOWS\system32\uxtheme.dll
0x00007ffcf1590000 - 0x00007ffcf16ea000 	C:\WINDOWS\System32\MSCTF.dll
0x00007ffcf0cc0000 - 0x00007ffcf0df7000 	C:\WINDOWS\System32\ole32.dll
0x0000000054fa0000 - 0x0000000054fe7000 	C:\Program Files\Java\jre1.8.0_60\bin\fontmanager.dll
0x0000000054050000 - 0x000000005406a000 	C:\Program Files\Java\jre1.8.0_60\bin\net.dll
0x0000000054030000 - 0x0000000054041000 	C:\Program Files\Java\jre1.8.0_60\bin\nio.dll
0x0000000054f50000 - 0x0000000054f92000 	C:\Program Files\Java\jre1.8.0_60\bin\t2k.dll
0x0000000180000000 - 0x0000000180025000 	C:\Program Files\Java\jre1.8.0_60\bin\rxtxSerial.dll
0x00007ffcf2da0000 - 0x00007ffcf2e3f000 	C:\WINDOWS\System32\clbcatq.dll
0x00007ffcea910000 - 0x00007ffceaab8000 	C:\WINDOWS\SYSTEM32\WindowsCodecs.dll
0x00007ffce0df0000 - 0x00007ffce0e39000 	C:\WINDOWS\system32\dataexchange.dll
0x00007ffcec070000 - 0x00007ffcec326000 	C:\WINDOWS\system32\d3d11.dll
0x00007ffceb1b0000 - 0x00007ffceb301000 	C:\WINDOWS\system32\dcomp.dll
0x00007ffcee390000 - 0x00007ffcee42f000 	C:\WINDOWS\system32\dxgi.dll
0x00007ffcede30000 - 0x00007ffcedf4c000 	C:\WINDOWS\system32\twinapi.appcore.dll
0x00007ffcdb4c0000 - 0x00007ffcdb652000 	C:\WINDOWS\SYSTEM32\dbghelp.dll

VM Arguments:
jvm_args: -agentlib:jdwp=transport=dt_socket,suspend=y,address=localhost:49733 -Dfile.encoding=UTF-8 
java_command: com.raven.kings.cansat2017.ground.station.Main
java_class_path (initial): C:\Users\JakeBooth\Desktop\Cansat Groundstation\cansat2017-ground-station\target\classes;C:\Users\JakeBooth\.m2\repository\org\jfree\jfreechart\1.0.19\jfreechart-1.0.19.jar;C:\Users\JakeBooth\.m2\repository\org\jfree\jcommon\1.0.23\jcommon-1.0.23.jar;C:\Users\JakeBooth\.m2\repository\com\google\protobuf\protobuf-java\3.2.0\protobuf-java-3.2.0.jar;C:\Users\JakeBooth\.m2\repository\com\digi\xbee\xbee-java-library\1.2.0\xbee-java-library-1.2.0.jar;C:\Users\JakeBooth\.m2\repository\org\rxtx\rxtx\2.2\rxtx-2.2.jar;C:\Users\JakeBooth\.m2\repository\org\rxtx\rxtx-native\2.2\rxtx-native-2.2-win32_x86.jar;C:\Users\JakeBooth\.m2\repository\org\slf4j\slf4j-api\1.7.12\slf4j-api-1.7.12.jar;C:\Users\JakeBooth\.m2\repository\org\slf4j\slf4j-jdk14\1.7.12\slf4j-jdk14-1.7.12.jar;C:\Users\JakeBooth\.m2\repository\com\digi\android-sdk\5.1.1\android-sdk-5.1.1.jar;C:\Users\JakeBooth\.m2\repository\com\digi\android-sdk-addon\3\android-sdk-addon-3.jar;C:\Users\JakeBooth\.m2\repository\org\apache\commons\commons-csv\1.4\commons-csv-1.4.jar;C:\Users\JakeBooth\.m2\repository\org\rxtx\rxtxcomm\2.0-7pre1\rxtxcomm-2.0-7pre1.jar
Launcher Type: SUN_STANDARD

Environment Variables:
PATH=C:/Program Files/Java/jre1.8.0_60/bin/server;C:/Program Files/Java/jre1.8.0_60/bin;C:/Program Files/Java/jre1.8.0_60/lib/amd64;C:\ProgramData\Oracle\Java\javapath;C:\Program Files (x86)\Lenovo\FusionEngine;C:\Program Files (x86)\Intel\iCLS Client\;C:\Program Files\Intel\iCLS Client\;C:\WINDOWS\system32;C:\WINDOWS;C:\WINDOWS\System32\Wbem;C:\WINDOWS\System32\WindowsPowerShell\v1.0\;C:\Program Files\Intel\Intel(R) Management Engine Components\DAL;C:\Program Files (x86)\Intel\Intel(R) Management Engine Components\DAL;C:\Program Files\Intel\Intel(R) Management Engine Components\IPT;C:\Program Files (x86)\Intel\Intel(R) Management Engine Components\IPT;C:\Program Files (x86)\ATI Technologies\ATI.ACE\Core-Static;C:\Program Files\Intel\WiFi\bin\;C:\Program Files\Common Files\Intel\WirelessCommon\;C:\Program Files (x86)\Lenovo\Motion Control\;C:\Program Files (x86)\Common Files\lenovo\easyplussdk\bin;C:\Program Files (x86)\QuickTime\QTSystem\;C:\Program Files (x86)\Skype\Phone\;C:\WINDOWS\system32\config\systemprofile\.dnx\bin;C:\Program Files\Microsoft DNX\Dnvm\;C:\Program Files\Microsoft SQL Server\130\Tools\Binn\;C:\Program Files\MATLAB\R2017a\runtime\win64;C:\Program Files\MATLAB\R2017a\bin;C:\Users\JakeBooth\AppData\Local\Programs\Python\Python35-32\Scripts\;C:\Users\JakeBooth\AppData\Local\Programs\Python\Python35-32\;%USERPROFILE%\AppData\Local\Microsoft\WindowsApps;;C:\Users\JakeBooth\Desktop\Eclipse\eclipse;
USERNAME=JakeBooth
OS=Windows_NT
PROCESSOR_IDENTIFIER=Intel64 Family 6 Model 61 Stepping 4, GenuineIntel



---------------  S Y S T E M  ---------------

OS: Windows 10.0 , 64 bit Build 14393 (10.0.14393.0)

CPU:total 4 (2 cores per cpu, 2 threads per core) family 6 model 61 stepping 4, cmov, cx8, fxsr, mmx, sse, sse2, sse3, ssse3, sse4.1, sse4.2, popcnt, avx, avx2, aes, clmul, erms, 3dnowpref, lzcnt, ht, tsc, tscinvbit, bmi1, bmi2, adx

Memory: 4k page, physical 8300384k(3512796k free), swap 10555768k(4298244k free)

vm_info: Java HotSpot(TM) 64-Bit Server VM (25.60-b23) for windows-amd64 JRE (1.8.0_60-b27), built on Aug  4 2015 11:06:27 by "java_re" with MS VC++ 10.0 (VS2010)

time: Mon May 01 19:24:21 2017
elapsed time: 6 seconds (0d 0h 0m 6s)

